# JRE version: OpenJDK Runtime Environment (11.0.9.1+1) (build 11.0.9.1+1-Ubuntu-0ubuntu1.18.04)
# Java VM: OpenJDK 64-Bit Server VM (11.0.9.1+1-Ubuntu-0ubuntu1.18.04, mixed mode, sharing, tiered, compressed oops, parallel gc, linux-amd64)
Heap:
 PSYoungGen      total 22016K, used 0K [0x00000000eab00000, 0x00000000ec500000, 0x0000000100000000)
  eden space 17408K, 0% used [0x00000000eab00000,0x00000000eab00000,0x00000000ebc00000)
  from space 4608K, 0% used [0x00000000ec080000,0x00000000ec080000,0x00000000ec500000)
  to   space 2048K, 0% used [0x00000000ebc00000,0x00000000ebc00000,0x00000000ebe00000)
 ParOldGen       total 68608K, used 65859K [0x00000000c0000000, 0x00000000c4300000, 0x00000000eab00000)
  object space 68608K, 95% used [0x00000000c0000000,0x00000000c4050fb0,0x00000000c4300000)
 Metaspace       used 64343K, capacity 67529K, committed 67752K, reserved 1107968K
  class space    used 7702K, capacity 8881K, committed 8960K, reserved 1048576K
GC Heap History (20 events):
Event: 35.092 GC heap after
{Heap after GC invocations=37 (full 3):
 PSYoungGen      total 17920K, used 0K [0x00000000eab00000, 0x00000000ec200000, 0x0000000100000000)
  eden space 17408K, 0% used [0x00000000eab00000,0x00000000eab00000,0x00000000ebc00000)
  from space 512K, 0% used [0x00000000ec180000,0x00000000ec180000,0x00000000ec200000)
  to   space 1024K, 0% used [0x00000000ec000000,0x00000000ec000000,0x00000000ec100000)
 ParOldGen       total 68608K, used 54514K [0x00000000c0000000, 0x00000000c4300000, 0x00000000eab00000)
  object space 68608K, 79% used [0x00000000c0000000,0x00000000c353c8e8,0x00000000c4300000)
 Metaspace       used 55944K, capacity 58856K, committed 59048K, reserved 1099776K
  class space    used 6995K, capacity 8105K, committed 8192K, reserved 1048576K
}
Event: 35.487 GC heap before
{Heap before GC invocations=38 (full 3):
 PSYoungGen      total 17920K, used 17408K [0x00000000eab00000, 0x00000000ec200000, 0x0000000100000000)
  eden space 17408K, 100% used [0x00000000eab00000,0x00000000ebc00000,0x00000000ebc00000)
  from space 512K, 0% used [0x00000000ec180000,0x00000000ec180000,0x00000000ec200000)
  to   space 1024K, 0% used [0x00000000ec000000,0x00000000ec000000,0x00000000ec100000)
 ParOldGen       total 68608K, used 54514K [0x00000000c0000000, 0x00000000c4300000, 0x00000000eab00000)
  object space 68608K, 79% used [0x00000000c0000000,0x00000000c353c8e8,0x00000000c4300000)
 Metaspace       used 58838K, capacity 61836K, committed 62248K, reserved 1103872K
  class space    used 7231K, capacity 8308K, committed 8320K, reserved 1048576K
}
Event: 35.495 GC heap after
{Heap after GC invocations=38 (full 3):
 PSYoungGen      total 18432K, used 919K [0x00000000eab00000, 0x00000000ec200000, 0x0000000100000000)
  eden space 17408K, 0% used [0x00000000eab00000,0x00000000eab00000,0x00000000ebc00000)
  from space 1024K, 89% used [0x00000000ec000000,0x00000000ec0e5e88,0x00000000ec100000)
  to   space 1024K, 0% used [0x00000000ec100000,0x00000000ec100000,0x00000000ec200000)
 ParOldGen       total 68608K, used 54522K [0x00000000c0000000, 0x00000000c4300000, 0x00000000eab00000)
  object space 68608K, 79% used [0x00000000c0000000,0x00000000c353e8e8,0x00000000c4300000)
 Metaspace       used 58838K, capacity 61836K, committed 62248K, reserved 1103872K
  class space    used 7231K, capacity 8308K, committed 8320K, reserved 1048576K
}
Event: 36.238 GC heap before
{Heap before GC invocations=39 (full 3):
 PSYoungGen      total 18432K, used 18301K [0x00000000eab00000, 0x00000000ec200000, 0x0000000100000000)
  eden space 17408K, 99% used [0x00000000eab00000,0x00000000ebbf95d8,0x00000000ebc00000)
  from space 1024K, 89% used [0x00000000ec000000,0x00000000ec0e5e88,0x00000000ec100000)
  to   space 1024K, 0% used [0x00000000ec100000,0x00000000ec100000,0x00000000ec200000)
 ParOldGen       total 68608K, used 54522K [0x00000000c0000000, 0x00000000c4300000, 0x00000000eab00000)
  object space 68608K, 79% used [0x00000000c0000000,0x00000000c353e8e8,0x00000000c4300000)
 Metaspace       used 61610K, capacity 64706K, committed 65064K, reserved 1105920K
  class space    used 7451K, capacity 8562K, committed 8576K, reserved 1048576K
}
Event: 36.258 GC heap after
{Heap after GC invocations=39 (full 3):
 PSYoungGen      total 18432K, used 1021K [0x00000000eab00000, 0x00000000ec300000, 0x0000000100000000)
  eden space 17408K, 0% used [0x00000000eab00000,0x00000000eab00000,0x00000000ebc00000)
  from space 1024K, 99% used [0x00000000ec100000,0x00000000ec1ff710,0x00000000ec200000)
  to   space 3584K, 0% used [0x00000000ebc00000,0x00000000ebc00000,0x00000000ebf80000)
 ParOldGen       total 68608K, used 56537K [0x00000000c0000000, 0x00000000c4300000, 0x00000000eab00000)
  object space 68608K, 82% used [0x00000000c0000000,0x00000000c37365a8,0x00000000c4300000)
 Metaspace       used 61610K, capacity 64706K, committed 65064K, reserved 1105920K
  class space    used 7451K, capacity 8562K, committed 8576K, reserved 1048576K
}
Event: 37.465 GC heap before
{Heap before GC invocations=40 (full 3):
 PSYoungGen      total 18432K, used 18429K [0x00000000eab00000, 0x00000000ec300000, 0x0000000100000000)
  eden space 17408K, 100% used [0x00000000eab00000,0x00000000ebc00000,0x00000000ebc00000)
  from space 1024K, 99% used [0x00000000ec100000,0x00000000ec1ff710,0x00000000ec200000)
  to   space 3584K, 0% used [0x00000000ebc00000,0x00000000ebc00000,0x00000000ebf80000)
 ParOldGen       total 68608K, used 56537K [0x00000000c0000000, 0x00000000c4300000, 0x00000000eab00000)
  object space 68608K, 82% used [0x00000000c0000000,0x00000000c37365a8,0x00000000c4300000)
 Metaspace       used 62472K, capacity 65551K, committed 65960K, reserved 1105920K
  class space    used 7534K, capacity 8673K, committed 8704K, reserved 1048576K
}
Event: 37.481 GC heap after
{Heap after GC invocations=40 (full 3):
 PSYoungGen      total 19968K, used 2181K [0x00000000eab00000, 0x00000000ec180000, 0x0000000100000000)
  eden space 17408K, 0% used [0x00000000eab00000,0x00000000eab00000,0x00000000ebc00000)
  from space 2560K, 85% used [0x00000000ebc00000,0x00000000ebe21748,0x00000000ebe80000)
  to   space 2560K, 0% used [0x00000000ebf00000,0x00000000ebf00000,0x00000000ec180000)
 ParOldGen       total 68608K, used 57465K [0x00000000c0000000, 0x00000000c4300000, 0x00000000eab00000)
  object space 68608K, 83% used [0x00000000c0000000,0x00000000c381e500,0x00000000c4300000)
 Metaspace       used 62472K, capacity 65551K, committed 65960K, reserved 1105920K
  class space    used 7534K, capacity 8673K, committed 8704K, reserved 1048576K
}
Event: 37.724 GC heap before
{Heap before GC invocations=41 (full 3):
 PSYoungGen      total 19968K, used 19582K [0x00000000eab00000, 0x00000000ec180000, 0x0000000100000000)
  eden space 17408K, 99% used [0x00000000eab00000,0x00000000ebbfe168,0x00000000ebc00000)
  from space 2560K, 85% used [0x00000000ebc00000,0x00000000ebe21748,0x00000000ebe80000)
  to   space 2560K, 0% used [0x00000000ebf00000,0x00000000ebf00000,0x00000000ec180000)
 ParOldGen       total 68608K, used 57465K [0x00000000c0000000, 0x00000000c4300000, 0x00000000eab00000)
  object space 68608K, 83% used [0x00000000c0000000,0x00000000c381e500,0x00000000c4300000)
 Metaspace       used 62685K, capacity 65753K, committed 65960K, reserved 1105920K
  class space    used 7547K, capacity 8676K, committed 8704K, reserved 1048576K
}
Event: 37.749 GC heap after
{Heap after GC invocations=41 (full 3):
 PSYoungGen      total 19456K, used 1690K [0x00000000eab00000, 0x00000000ec100000, 0x0000000100000000)
  eden space 17408K, 0% used [0x00000000eab00000,0x00000000eab00000,0x00000000ebc00000)
  from space 2048K, 82% used [0x00000000ebf00000,0x00000000ec0a6978,0x00000000ec100000)
  to   space 2048K, 0% used [0x00000000ebd00000,0x00000000ebd00000,0x00000000ebf00000)
 ParOldGen       total 68608K, used 59532K [0x00000000c0000000, 0x00000000c4300000, 0x00000000eab00000)
  object space 68608K, 86% used [0x00000000c0000000,0x00000000c3a23100,0x00000000c4300000)
 Metaspace       used 62685K, capacity 65753K, committed 65960K, reserved 1105920K
  class space    used 7547K, capacity 8676K, committed 8704K, reserved 1048576K
}
Event: 38.070 GC heap before
{Heap before GC invocations=42 (full 3):
 PSYoungGen      total 19456K, used 19098K [0x00000000eab00000, 0x00000000ec100000, 0x0000000100000000)
  eden space 17408K, 100% used [0x00000000eab00000,0x00000000ebc00000,0x00000000ebc00000)
  from space 2048K, 82% used [0x00000000ebf00000,0x00000000ec0a6978,0x00000000ec100000)
  to   space 2048K, 0% used [0x00000000ebd00000,0x00000000ebd00000,0x00000000ebf00000)
 ParOldGen       total 68608K, used 59532K [0x00000000c0000000, 0x00000000c4300000, 0x00000000eab00000)
  object space 68608K, 86% used [0x00000000c0000000,0x00000000c3a23100,0x00000000c4300000)
 Metaspace       used 62839K, capacity 65851K, committed 66344K, reserved 1107968K
  class space    used 7557K, capacity 8708K, committed 8832K, reserved 1048576K
}
Event: 38.082 GC heap after
{Heap after GC invocations=42 (full 3):
 PSYoungGen      total 19456K, used 1845K [0x00000000eab00000, 0x00000000ec000000, 0x0000000100000000)
  eden space 17408K, 0% used [0x00000000eab00000,0x00000000eab00000,0x00000000ebc00000)
  from space 2048K, 90% used [0x00000000ebd00000,0x00000000ebecd4e8,0x00000000ebf00000)
  to   space 1024K, 0% used [0x00000000ebf00000,0x00000000ebf00000,0x00000000ec000000)
 ParOldGen       total 68608K, used 61124K [0x00000000c0000000, 0x00000000c4300000, 0x00000000eab00000)
  object space 68608K, 89% used [0x00000000c0000000,0x00000000c3bb1048,0x00000000c4300000)
 Metaspace       used 62839K, capacity 65851K, committed 66344K, reserved 1107968K
  class space    used 7557K, capacity 8708K, committed 8832K, reserved 1048576K
}
Event: 38.299 GC heap before
{Heap before GC invocations=43 (full 3):
 PSYoungGen      total 19456K, used 19253K [0x00000000eab00000, 0x00000000ec000000, 0x0000000100000000)
  eden space 17408K, 100% used [0x00000000eab00000,0x00000000ebc00000,0x00000000ebc00000)
  from space 2048K, 90% used [0x00000000ebd00000,0x00000000ebecd4e8,0x00000000ebf00000)
  to   space 1024K, 0% used [0x00000000ebf00000,0x00000000ebf00000,0x00000000ec000000)
 ParOldGen       total 68608K, used 61124K [0x00000000c0000000, 0x00000000c4300000, 0x00000000eab00000)
  object space 68608K, 89% used [0x00000000c0000000,0x00000000c3bb1048,0x00000000c4300000)
 Metaspace       used 63109K, capacity 66154K, committed 66600K, reserved 1107968K
  class space    used 7590K, capacity 8745K, committed 8832K, reserved 1048576K
}
Event: 38.314 GC heap after
{Heap after GC invocations=43 (full 3):
 PSYoungGen      total 18432K, used 995K [0x00000000eab00000, 0x00000000ec200000, 0x0000000100000000)
  eden space 17408K, 0% used [0x00000000eab00000,0x00000000eab00000,0x00000000ebc00000)
  from space 1024K, 97% used [0x00000000ebf00000,0x00000000ebff8f48,0x00000000ec000000)
  to   space 3072K, 0% used [0x00000000ebc00000,0x00000000ebc00000,0x00000000ebf00000)
 ParOldGen       total 68608K, used 62812K [0x00000000c0000000, 0x00000000c4300000, 0x00000000eab00000)
  object space 68608K, 91% used [0x00000000c0000000,0x00000000c3d570e8,0x00000000c4300000)
 Metaspace       used 63109K, capacity 66154K, committed 66600K, reserved 1107968K
  class space    used 7590K, capacity 8745K, committed 8832K, reserved 1048576K
}
Event: 38.395 GC heap before
{Heap before GC invocations=44 (full 3):
 PSYoungGen      total 18432K, used 18403K [0x00000000eab00000, 0x00000000ec200000, 0x0000000100000000)
  eden space 17408K, 100% used [0x00000000eab00000,0x00000000ebc00000,0x00000000ebc00000)
  from space 1024K, 97% used [0x00000000ebf00000,0x00000000ebff8f48,0x00000000ec000000)
  to   space 3072K, 0% used [0x00000000ebc00000,0x00000000ebc00000,0x00000000ebf00000)
 ParOldGen       total 68608K, used 62812K [0x00000000c0000000, 0x00000000c4300000, 0x00000000eab00000)
  object space 68608K, 91% used [0x00000000c0000000,0x00000000c3d570e8,0x00000000c4300000)
 Metaspace       used 63152K, capacity 66227K, committed 66600K, reserved 1107968K
  class space    used 7594K, capacity 8748K, committed 8832K, reserved 1048576K
}
Event: 38.406 GC heap after
{Heap after GC invocations=44 (full 3):
 PSYoungGen      total 18944K, used 1440K [0x00000000eab00000, 0x00000000ec000000, 0x0000000100000000)
  eden space 17408K, 0% used [0x00000000eab00000,0x00000000eab00000,0x00000000ebc00000)
  from space 1536K, 93% used [0x00000000ebc00000,0x00000000ebd68000,0x00000000ebd80000)
  to   space 2048K, 0% used [0x00000000ebe00000,0x00000000ebe00000,0x00000000ec000000)
 ParOldGen       total 68608K, used 63740K [0x00000000c0000000, 0x00000000c4300000, 0x00000000eab00000)
  object space 68608K, 92% used [0x00000000c0000000,0x00000000c3e3f120,0x00000000c4300000)
 Metaspace       used 63152K, capacity 66227K, committed 66600K, reserved 1107968K
  class space    used 7594K, capacity 8748K, committed 8832K, reserved 1048576K
}
Event: 38.819 GC heap before
{Heap before GC invocations=45 (full 3):
 PSYoungGen      total 18944K, used 18848K [0x00000000eab00000, 0x00000000ec000000, 0x0000000100000000)
  eden space 17408K, 100% used [0x00000000eab00000,0x00000000ebc00000,0x00000000ebc00000)
  from space 1536K, 93% used [0x00000000ebc00000,0x00000000ebd68000,0x00000000ebd80000)
  to   space 2048K, 0% used [0x00000000ebe00000,0x00000000ebe00000,0x00000000ec000000)
 ParOldGen       total 68608K, used 63740K [0x00000000c0000000, 0x00000000c4300000, 0x00000000eab00000)
  object space 68608K, 92% used [0x00000000c0000000,0x00000000c3e3f120,0x00000000c4300000)
 Metaspace       used 63869K, capacity 67020K, committed 67240K, reserved 1107968K
  class space    used 7655K, capacity 8842K, committed 8960K, reserved 1048576K
}
Event: 38.857 GC heap after
{Heap after GC invocations=45 (full 3):
 PSYoungGen      total 19456K, used 1935K [0x00000000eab00000, 0x00000000ec000000, 0x0000000100000000)
  eden space 17408K, 0% used [0x00000000eab00000,0x00000000eab00000,0x00000000ebc00000)
  from space 2048K, 94% used [0x00000000ebe00000,0x00000000ebfe3c78,0x00000000ec000000)
  to   space 2048K, 0% used [0x00000000ebc00000,0x00000000ebc00000,0x00000000ebe00000)
 ParOldGen       total 68608K, used 65020K [0x00000000c0000000, 0x00000000c4300000, 0x00000000eab00000)
  object space 68608K, 94% used [0x00000000c0000000,0x00000000c3f7f130,0x00000000c4300000)
 Metaspace       used 63869K, capacity 67020K, committed 67240K, reserved 1107968K
  class space    used 7655K, capacity 8842K, committed 8960K, reserved 1048576K
}
Event: 39.458 GC heap before
{Heap before GC invocations=46 (full 3):
 PSYoungGen      total 19456K, used 19343K [0x00000000eab00000, 0x00000000ec000000, 0x0000000100000000)
  eden space 17408K, 100% used [0x00000000eab00000,0x00000000ebc00000,0x00000000ebc00000)
  from space 2048K, 94% used [0x00000000ebe00000,0x00000000ebfe3c78,0x00000000ec000000)
  to   space 2048K, 0% used [0x00000000ebc00000,0x00000000ebc00000,0x00000000ebe00000)
 ParOldGen       total 68608K, used 65020K [0x00000000c0000000, 0x00000000c4300000, 0x00000000eab00000)
  object space 68608K, 94% used [0x00000000c0000000,0x00000000c3f7f130,0x00000000c4300000)
 Metaspace       used 64343K, capacity 67529K, committed 67752K, reserved 1107968K
  class space    used 7702K, capacity 8881K, committed 8960K, reserved 1048576K
}
Event: 39.544 GC heap after
{Heap after GC invocations=46 (full 3):
 PSYoungGen      total 19456K, used 2022K [0x00000000eab00000, 0x00000000ec500000, 0x0000000100000000)
  eden space 17408K, 0% used [0x00000000eab00000,0x00000000eab00000,0x00000000ebc00000)
  from space 2048K, 98% used [0x00000000ebc00000,0x00000000ebdf98a8,0x00000000ebe00000)
  to   space 4608K, 0% used [0x00000000ec080000,0x00000000ec080000,0x00000000ec500000)
 ParOldGen       total 68608K, used 67199K [0x00000000c0000000, 0x00000000c4300000, 0x00000000eab00000)
  object space 68608K, 97% used [0x00000000c0000000,0x00000000c419fdb0,0x00000000c4300000)
 Metaspace       used 64343K, capacity 67529K, committed 67752K, reserved 1107968K
  class space    used 7702K, capacity 8881K, committed 8960K, reserved 1048576K
}
Event: 39.544 GC heap before
{Heap before GC invocations=47 (full 4):
 PSYoungGen      total 19456K, used 2022K [0x00000000eab00000, 0x00000000ec500000, 0x0000000100000000)
  eden space 17408K, 0% used [0x00000000eab00000,0x00000000eab00000,0x00000000ebc00000)
  from space 2048K, 98% used [0x00000000ebc00000,0x00000000ebdf98a8,0x00000000ebe00000)
  to   space 4608K, 0% used [0x00000000ec080000,0x00000000ec080000,0x00000000ec500000)
 ParOldGen       total 68608K, used 67199K [0x00000000c0000000, 0x00000000c4300000, 0x00000000eab00000)
  object space 68608K, 97% used [0x00000000c0000000,0x00000000c419fdb0,0x00000000c4300000)
 Metaspace       used 64343K, capacity 67529K, committed 67752K, reserved 1107968K
  class space    used 7702K, capacity 8881K, committed 8960K, reserved 1048576K
}

